<?xml version="1.0" encoding="UTF-8"?>
<!-- Generated by org.testng.reporters.JUnitReportReporter -->
<testsuite hostname="Bittechs-iMac.home" name="com.bit.test.BaseTest" tests="1" failures="0" timestamp="12 Feb 2017 18:10:32 GMT" time="11.010" errors="0">
  <testcase name="test1" time="11.010" classname="com.bit.test.BaseTest"/>
</testsuite> <!-- com.bit.test.BaseTest -->
