<?xml version="1.0" encoding="UTF-8"?>
<!-- Generated by org.testng.reporters.JUnitReportReporter -->
<testsuite name="com.Loop.LoopPractic" tests="1" time="0.013" ignored="2" failures="0" timestamp="18 Feb 2017 19:08:55 GMT" skipped="0" hostname="pushpo" errors="0">
  <testcase name="mm" time="0.013" classname="com.Loop.LoopPractic"/>
  <testcase name="loopTest" classname="com.Loop.LoopPractic">
    <skipped/>
  </testcase> <!-- loopTest -->
  <testcase name="m4" classname="com.Loop.LoopPractic">
    <skipped/>
  </testcase> <!-- m4 -->
</testsuite> <!-- com.Loop.LoopPractic -->
