<?xml version="1.0" encoding="UTF-8"?>
<!-- Generated by org.testng.reporters.JUnitReportReporter -->
<testsuite name="com.Loop.doubledimention.SmokeTest" tests="1" time="0.015" ignored="0" failures="0" timestamp="05 Feb 2017 19:35:03 GMT" skipped="0" hostname="pushpo" errors="0">
  <testcase name="m1" time="0.015" classname="com.Loop.doubledimention.SmokeTest"/>
</testsuite> <!-- com.Loop.doubledimention.SmokeTest -->
