<?xml version="1.0" encoding="UTF-8"?>
<!-- Generated by org.testng.reporters.JUnitReportReporter -->
<testsuite name="com.weather.Test.WeatherTest" tests="1" time="0.000" ignored="3" failures="0" timestamp="05 Feb 2017 17:11:32 GMT" skipped="0" hostname="pushpo" errors="0">
  <testcase name="maxNumber" time="0.000" classname="com.weather.Test.WeatherTest"/>
  <testcase name="weather" classname="com.weather.Test.WeatherTest">
    <skipped/>
  </testcase> <!-- weather -->
  <testcase name="macys" classname="com.weather.Test.WeatherTest">
    <skipped/>
  </testcase> <!-- macys -->
  <testcase name="enhancedLoop" classname="com.weather.Test.WeatherTest">
    <skipped/>
  </testcase> <!-- enhancedLoop -->
</testsuite> <!-- com.weather.Test.WeatherTest -->
