<?xml version="1.0" encoding="UTF-8"?>
<!-- Generated by org.testng.reporters.JUnitReportReporter -->
<testsuite name="com.Loop.doubledimention.ExceptionTest" tests="1" time="0.066" ignored="0" failures="0" timestamp="11 Feb 2017 18:48:43 GMT" skipped="0" hostname="pushpo" errors="0">
  <testcase name="m1" time="0.066" classname="com.Loop.doubledimention.ExceptionTest"/>
</testsuite> <!-- com.Loop.doubledimention.ExceptionTest -->
